[debug] [2023-07-06T13:07:07.763Z] ----------------------------------------------------------------------
[debug] [2023-07-06T13:07:07.766Z] Command:       C:\Program Files\nodejs\node.exe C:\Users\user\AppData\Roaming\npm\node_modules\firebase-tools\lib\bin\firebase.js init
[debug] [2023-07-06T13:07:07.767Z] CLI Version:   12.4.2
[debug] [2023-07-06T13:07:07.768Z] Platform:      win32
[debug] [2023-07-06T13:07:07.768Z] Node Version:  v18.14.0
[debug] [2023-07-06T13:07:07.770Z] Time:          Thu Jul 06 2023 18:37:07 GMT+0530 (India Standard Time)
[debug] [2023-07-06T13:07:07.770Z] ----------------------------------------------------------------------
[debug] 
[debug] [2023-07-06T13:07:07.912Z] > command requires scopes: ["email","openid","https://www.googleapis.com/auth/cloudplatformprojects.readonly","https://www.googleapis.com/auth/firebase","https://www.googleapis.com/auth/cloud-platform"]
[debug] [2023-07-06T13:07:07.913Z] > authorizing via signed-in user (skyelgire1114@gmail.com)
[info] 
     ######## #### ########  ######## ########     ###     ######  ########
     ##        ##  ##     ## ##       ##     ##  ##   ##  ##       ##
     ######    ##  ########  ######   ########  #########  ######  ######
     ##        ##  ##    ##  ##       ##     ## ##     ##       ## ##
     ##       #### ##     ## ######## ########  ##     ##  ######  ########

You're about to initialize a Firebase project in this directory:

  C:\Users\user\Desktop\Web_D\ReactJs\reno_app

Before we get started, keep in mind:

  * You are initializing within an existing Firebase project directory

[info] 
=== Project Setup
[info] 
[info] First, let's associate this project directory with a Firebase project.
[info] You can create multiple project aliases by running firebase use --add, 
[info] but for now we'll just set up a default project.
[info] 
[debug] [2023-07-06T13:08:34.283Z] Using project from CLI flag: reno-project-fa61b
[debug] [2023-07-06T13:08:34.287Z] >>> [apiv2][query] GET https://firebase.googleapis.com/v1beta1/projects/reno-project-fa61b [none]
[debug] [2023-07-06T13:08:35.470Z] <<< [apiv2][status] GET https://firebase.googleapis.com/v1beta1/projects/reno-project-fa61b 403
[debug] [2023-07-06T13:08:35.470Z] <<< [apiv2][body] GET https://firebase.googleapis.com/v1beta1/projects/reno-project-fa61b {"error":{"code":403,"message":"The caller does not have permission","status":"PERMISSION_DENIED"}}
[debug] [2023-07-06T13:08:35.471Z] HTTP Error: 403, The caller does not have permission
[debug] [2023-07-06T13:08:35.926Z] FirebaseError: HTTP Error: 403, The caller does not have permission
    at responseToError (C:\Users\user\AppData\Roaming\npm\node_modules\firebase-tools\lib\responseToError.js:49:12)
    at RetryOperation._fn (C:\Users\user\AppData\Roaming\npm\node_modules\firebase-tools\lib\apiv2.js:288:77)
    at process.processTicksAndRejections (node:internal/process/task_queues:95:5)
[error] 
[error] Error: Failed to get Firebase project reno-project-fa61b. Please make sure the project exists and your account has permission to access it.
[debug] [2023-07-06T13:10:22.962Z] ----------------------------------------------------------------------
[debug] [2023-07-06T13:10:22.965Z] Command:       C:\Program Files\nodejs\node.exe C:\Users\user\AppData\Roaming\npm\node_modules\firebase-tools\lib\bin\firebase.js init
[debug] [2023-07-06T13:10:22.966Z] CLI Version:   12.4.2
[debug] [2023-07-06T13:10:22.967Z] Platform:      win32
[debug] [2023-07-06T13:10:22.967Z] Node Version:  v18.14.0
[debug] [2023-07-06T13:10:22.969Z] Time:          Thu Jul 06 2023 18:40:22 GMT+0530 (India Standard Time)
[debug] [2023-07-06T13:10:22.969Z] ----------------------------------------------------------------------
[debug] 
[debug] [2023-07-06T13:10:23.090Z] > command requires scopes: ["email","openid","https://www.googleapis.com/auth/cloudplatformprojects.readonly","https://www.googleapis.com/auth/firebase","https://www.googleapis.com/auth/cloud-platform"]
[debug] [2023-07-06T13:10:23.091Z] > authorizing via signed-in user (skyelgire1114@gmail.com)
[info] 
     ######## #### ########  ######## ########     ###     ######  ########
     ##        ##  ##     ## ##       ##     ##  ##   ##  ##       ##
     ######    ##  ########  ######   ########  #########  ######  ######
     ##        ##  ##    ##  ##       ##     ## ##     ##       ## ##
     ##       #### ##     ## ######## ########  ##     ##  ######  ########

You're about to initialize a Firebase project in this directory:

  C:\Users\user\Desktop\Web_D\ReactJs\reno_app

Before we get started, keep in mind:

  * You are initializing within an existing Firebase project directory

[info] 
=== Project Setup
[info] 
[info] First, let's associate this project directory with a Firebase project.
[info] You can create multiple project aliases by running firebase use --add, 
[info] but for now we'll just set up a default project.
[info] 
[debug] [2023-07-06T13:11:08.716Z] Using project from CLI flag: reno-project-fa61b
[debug] [2023-07-06T13:11:08.720Z] >>> [apiv2][query] GET https://firebase.googleapis.com/v1beta1/projects/reno-project-fa61b [none]
[debug] [2023-07-06T13:11:09.419Z] <<< [apiv2][status] GET https://firebase.googleapis.com/v1beta1/projects/reno-project-fa61b 403
[debug] [2023-07-06T13:11:09.419Z] <<< [apiv2][body] GET https://firebase.googleapis.com/v1beta1/projects/reno-project-fa61b {"error":{"code":403,"message":"The caller does not have permission","status":"PERMISSION_DENIED"}}
[debug] [2023-07-06T13:11:09.420Z] HTTP Error: 403, The caller does not have permission
[debug] [2023-07-06T13:11:09.775Z] FirebaseError: HTTP Error: 403, The caller does not have permission
    at responseToError (C:\Users\user\AppData\Roaming\npm\node_modules\firebase-tools\lib\responseToError.js:49:12)
    at RetryOperation._fn (C:\Users\user\AppData\Roaming\npm\node_modules\firebase-tools\lib\apiv2.js:288:77)
    at process.processTicksAndRejections (node:internal/process/task_queues:95:5)
[error] 
[error] Error: Failed to get Firebase project reno-project-fa61b. Please make sure the project exists and your account has permission to access it.
